<?xml version="1.0" encoding="UTF-8"?>
<testng-results skipped="0" failed="0" total="1" passed="1">
  <reporter-output>
  </reporter-output>
  <suite name="Surefire suite" duration-ms="109713" started-at="2018-08-04T06:10:20Z" finished-at="2018-08-04T06:12:10Z">
    <groups>
      <group name="cucumber">
        <method signature="AbstractTestNGCucumberTests.feature(cucumber.api.testng.CucumberFeatureWrapper)[pri:0, instance:AlationTest.AlationTest.AlationTest@12843fce]" name="feature" class="cucumber.api.testng.AbstractTestNGCucumberTests"/>
      </group> <!-- cucumber -->
    </groups>
    <test name="Surefire test" duration-ms="109713" started-at="2018-08-04T06:10:20Z" finished-at="2018-08-04T06:12:10Z">
      <class name="AlationTest.AlationTest.AlationTest">
        <test-method status="PASS" signature="setUp()[pri:0, instance:AlationTest.AlationTest.AlationTest@12843fce]" name="setUp" is-config="true" duration-ms="14" started-at="2018-08-04T11:40:20Z" finished-at="2018-08-04T11:40:20Z">
          <reporter-output>
          </reporter-output>
        </test-method> <!-- setUp -->
        <test-method status="PASS" signature="setUpClass()[pri:0, instance:AlationTest.AlationTest.AlationTest@12843fce]" name="setUpClass" is-config="true" duration-ms="235" started-at="2018-08-04T11:40:21Z" finished-at="2018-08-04T11:40:21Z">
          <reporter-output>
          </reporter-output>
        </test-method> <!-- setUpClass -->
        <test-method status="PASS" signature="feature(cucumber.api.testng.CucumberFeatureWrapper)[pri:0, instance:AlationTest.AlationTest.AlationTest@12843fce]" name="feature" duration-ms="109206" started-at="2018-08-04T11:40:21Z" description="Runs Cucumber Feature" data-provider="features" finished-at="2018-08-04T11:42:10Z">
          <params>
            <param index="0">
              <value>
                <![CDATA[Amazon features]]>
              </value>
            </param>
          </params>
          <reporter-output>
          </reporter-output>
        </test-method> <!-- feature -->
        <test-method status="PASS" signature="tearDownClass()[pri:0, instance:AlationTest.AlationTest.AlationTest@12843fce]" name="tearDownClass" is-config="true" duration-ms="155" started-at="2018-08-04T11:42:10Z" finished-at="2018-08-04T11:42:10Z">
          <reporter-output>
          </reporter-output>
        </test-method> <!-- tearDownClass -->
      </class> <!-- AlationTest.AlationTest.AlationTest -->
    </test> <!-- Surefire test -->
  </suite> <!-- Surefire suite -->
</testng-results>
